<?xml version="1.0" encoding="UTF-8"?>
<testng-results ignored="0" total="1" passed="1" failed="0" skipped="0">
    <reporter-output>
    </reporter-output>
    <suite started-at="2020-07-30T16:15:05Z" name="Command line suite" finished-at="2020-07-30T16:15:19Z"
           duration-ms="13832">
        <groups>
        </groups>
        <test started-at="2020-07-30T16:15:05Z" name="Command line test" finished-at="2020-07-30T16:15:19Z"
              duration-ms="13832">
            <class name="com.odel.qa.testcases.RegisterPageTest">
                <test-method is-config="true"
                             signature="setUp()[pri:0, instance:com.odel.qa.testcases.RegisterPageTest@224edc67]"
                             started-at="2020-07-30T21:45:05Z" name="setUp" finished-at="2020-07-30T21:45:18Z"
                             duration-ms="13007" status="PASS">
                    <reporter-output>
                    </reporter-output>
                </test-method> <!-- setUp -->
                <test-method
                        signature="registerPageTitleCheck()[pri:1, instance:com.odel.qa.testcases.RegisterPageTest@224edc67]"
                        started-at="2020-07-30T21:45:18Z" name="registerPageTitleCheck"
                        finished-at="2020-07-30T21:45:18Z" duration-ms="66" status="PASS">
                    <reporter-output>
                    </reporter-output>
                </test-method> <!-- registerPageTitleCheck -->
                <test-method is-config="true"
                             signature="tearDown()[pri:0, instance:com.odel.qa.testcases.RegisterPageTest@224edc67]"
                             started-at="2020-07-30T21:45:18Z" name="tearDown" finished-at="2020-07-30T21:45:19Z"
                             duration-ms="710" status="PASS">
                    <reporter-output>
                    </reporter-output>
                </test-method> <!-- tearDown -->
            </class> <!-- com.odel.qa.testcases.RegisterPageTest -->
        </test> <!-- Command line test -->
    </suite> <!-- Command line suite -->
</testng-results>
